<?xml version="1.0" encoding="UTF-8"?>
<!-- Generated by org.testng.reporters.JUnitReportReporter -->
<testsuite name="com.test.automation.testBase.TestBase" tests="1" time="0.000" ignored="2" failures="0" timestamp="08 Jun 2017 07:04:44 GMT" skipped="0" hostname="reenas-MacBook-Pro.local" errors="1">
  <testcase name="launchapp" time="0.000" classname="com.test.automation.testBase.TestBase">
    <error type="org.testng.TestNGException" message="
Parameter &#039;browser&#039; is required by BeforeTest on method launchapp but has not been marked @Optional or defined
in /private/var/folders/3s/6f7kgjss01x7td3vpnvp5y4w0000gn/T/testng-eclipse-1250944874/testng-customsuite.xml">
      <![CDATA[org.testng.TestNGException: 
Parameter 'browser' is required by BeforeTest on method launchapp but has not been marked @Optional or defined
in /private/var/folders/3s/6f7kgjss01x7td3vpnvp5y4w0000gn/T/testng-eclipse-1250944874/testng-customsuite.xml
	at org.testng.internal.Parameters.createParameters(Parameters.java:199)
	at org.testng.internal.Parameters.createParameters(Parameters.java:443)
	at org.testng.internal.Parameters.createConfigurationParameters(Parameters.java:118)
	at org.testng.internal.Invoker.invokeConfigurations(Invoker.java:203)
	at org.testng.internal.Invoker.invokeConfigurations(Invoker.java:144)
	at org.testng.TestRunner.beforeRun(TestRunner.java:634)
	at org.testng.TestRunner.run(TestRunner.java:602)
	at org.testng.SuiteRunner.runTest(SuiteRunner.java:387)
	at org.testng.SuiteRunner.runSequentially(SuiteRunner.java:382)
	at org.testng.SuiteRunner.privateRun(SuiteRunner.java:340)
	at org.testng.SuiteRunner.run(SuiteRunner.java:289)
	at org.testng.SuiteRunnerWorker.runSuite(SuiteRunnerWorker.java:52)
	at org.testng.SuiteRunnerWorker.run(SuiteRunnerWorker.java:86)
	at org.testng.TestNG.runSuitesSequentially(TestNG.java:1293)
	at org.testng.TestNG.runSuitesLocally(TestNG.java:1218)
	at org.testng.TestNG.runSuites(TestNG.java:1133)
	at org.testng.TestNG.run(TestNG.java:1104)
	at org.testng.remote.AbstractRemoteTestNG.run(AbstractRemoteTestNG.java:132)
	at org.testng.remote.RemoteTestNG.initAndRun(RemoteTestNG.java:230)
	at org.testng.remote.RemoteTestNG.main(RemoteTestNG.java:76)
]]>
    </error>
  </testcase> <!-- launchapp -->
  <testcase name="launchapp" classname="com.test.automation.testBase.TestBase">
    <skipped/>
  </testcase> <!-- launchapp -->
  <testcase name="launchapp" classname="com.test.automation.testBase.TestBase">
    <skipped/>
  </testcase> <!-- launchapp -->
</testsuite> <!-- com.test.automation.testBase.TestBase -->
